Warning: GPU requested but RAPIDS not available. Falling back to CPU.
2025-11-01 19:34:56,746 - full_pipeline - INFO - 
============================================================
2025-11-01 19:34:56,746 - full_pipeline - INFO - FULL PIPELINE: END-TO-END PROCESSING
2025-11-01 19:34:56,746 - full_pipeline - INFO - ============================================================
2025-11-01 19:34:56,746 - full_pipeline - INFO -   Event: barber_r1
2025-11-01 19:34:56,746 - full_pipeline - INFO -   Cars: ['010']
2025-11-01 19:34:56,746 - full_pipeline - INFO -   Output: barber_r1_pipeline
2025-11-01 19:34:56,746 - full_pipeline - INFO -   Baseline validation: STRICT
2025-11-01 19:34:56,746 - full_pipeline - INFO - ============================================================

2025-11-01 19:34:56,747 - full_pipeline - INFO - 
############################################################
2025-11-01 19:34:56,747 - full_pipeline - INFO - # PROCESSING CHASSIS 010
2025-11-01 19:34:56,747 - full_pipeline - INFO - ############################################################

2025-11-01 19:34:56,747 - full_pipeline - INFO - Loading raw curated data for chassis 010...
2025-11-01 19:34:56,749 - full_pipeline - INFO -   Found 24 parquet files
2025-11-01 19:34:57,310 - full_pipeline - INFO -   Loaded 585,728 rows
2025-11-01 19:34:57,322 - full_pipeline - INFO - 
[STAGE 1: TIME SYNC] 010
2025-11-01 19:34:57,322 - full_pipeline - INFO - ============================================================
2025-11-01 19:34:57,476 - src.transform.drift - INFO - Computing windowed drift for 010 (window=5min)
2025-11-01 19:34:57,503 - src.transform.drift - INFO -   010: 10 windows
2025-11-01 19:34:57,503 - src.transform.drift - INFO -   Valid calibrations: 10/10
2025-11-01 19:34:57,503 - src.transform.drift - INFO -   Clock steps detected: 2
2025-11-01 19:34:57,503 - src.transform.drift - INFO -   Average drift: 147565.076s ± 4.116s
2025-11-01 19:34:57,503 - full_pipeline - INFO -   Calibrated 10 time windows
2025-11-01 19:34:57,600 - full_pipeline - INFO -   Applied drift correction to 585,728 rows
2025-11-01 19:34:57,621 - full_pipeline - INFO - 
[STAGE 2: LAP REPAIR] 010
2025-11-01 19:34:57,621 - full_pipeline - INFO - ============================================================
2025-11-01 19:34:57,621 - src.transform.lap_repair - INFO - =============================================================
2025-11-01 19:34:57,621 - src.transform.lap_repair - INFO - Lap Repair Pipeline: 010
2025-11-01 19:34:57,621 - src.transform.lap_repair - INFO - =============================================================
2025-11-01 19:34:57,621 - src.transform.lap_repair - INFO - Detecting lap boundaries for 010
2025-11-01 19:34:57,727 - src.transform.lap_repair - INFO -   Found 27 candidate boundaries
2025-11-01 19:34:57,729 - src.transform.lap_repair - INFO -     - From lapdist resets: 0
2025-11-01 19:34:57,729 - src.transform.lap_repair - INFO -     - From lap increments: 27
2025-11-01 19:34:57,731 - src.transform.lap_repair - INFO -   Validated 27 lap boundaries
2025-11-01 19:34:57,747 - src.transform.lap_repair - INFO - Assigning lap numbers from boundaries
2025-11-01 19:34:57,853 - src.transform.lap_repair - INFO -   Assigned lap numbers to 585,728 / 585,728 rows
2025-11-01 19:34:57,859 - src.transform.lap_repair - INFO - 
  Lap Repair Summary:
2025-11-01 19:34:57,859 - src.transform.lap_repair - INFO -     Total boundaries: 27
2025-11-01 19:34:57,859 - src.transform.lap_repair - INFO -     Unique laps: 28
2025-11-01 19:34:57,859 - src.transform.lap_repair - INFO -     Rows with laps: 585,728 / 585,728
2025-11-01 19:34:57,859 - src.transform.lap_repair - INFO - ============================================================

2025-11-01 19:34:57,859 - full_pipeline - INFO -   Detected 27 lap boundaries
2025-11-01 19:34:57,859 - full_pipeline - INFO -   Repaired 585,728 rows
2025-11-01 19:34:57,869 - full_pipeline - INFO - 
[STAGE 3: PIVOT] 010
2025-11-01 19:34:57,869 - full_pipeline - INFO - ============================================================
2025-11-01 19:34:57,869 - src.transform.pivot - INFO - ============================================================
2025-11-01 19:34:57,869 - src.transform.pivot - INFO - PIVOT: 010
2025-11-01 19:34:57,869 - src.transform.pivot - INFO - ============================================================
2025-11-01 19:34:57,886 - src.transform.pivot - INFO -   Input: 585,728 rows, 12 unique signals
2025-11-01 19:34:57,887 - src.transform.pivot - INFO -   Time column: time_corrected
2025-11-01 19:34:57,887 - src.transform.pivot - INFO -   Preserving columns: ['chassis_id', 'car_no', 'lap_repaired', 'segment_id']
2025-11-01 19:34:57,904 - src.transform.pivot - INFO -   Identified 12 unique signals
2025-11-01 19:34:57,905 - src.transform.pivot - INFO - 
  [Step 1] Pivoting to wide format...
2025-11-01 19:34:58,246 - src.transform.pivot - INFO -   Output: 60,946 rows, 12 signals as columns
2025-11-01 19:34:58,246 - src.transform.pivot - INFO - 
  [Step 2] Processing position data...
--- Logging error ---
Traceback (most recent call last):
  File "C:\Users\richw\AppData\Local\Programs\Python\Python312\Lib\logging\__init__.py", line 1163, in emit
    stream.write(msg + self.terminator)
  File "C:\Users\richw\AppData\Local\Programs\Python\Python312\Lib\encodings\cp1252.py", line 19, in encode
    return codecs.charmap_encode(input,self.errors,encoding_table)[0]
           ^^^^^^^^^^^^^^^^^^^^^^^^^^^^^^^^^^^^^^^^^^^^^^^^^^^^^^^
UnicodeEncodeError: 'charmap' codec can't encode character '\u2192' in position 82: character maps to <undefined>
Call stack:
  File "D:\Documents\Toyota Gazoo Motorsport\data-validation-automation-station\examples\run_full_pipeline.py", line 477, in <module>
    main()
  File "D:\Documents\Toyota Gazoo Motorsport\data-validation-automation-station\examples\run_full_pipeline.py", line 466, in main
    run_pipeline(
  File "D:\Documents\Toyota Gazoo Motorsport\data-validation-automation-station\examples\run_full_pipeline.py", line 256, in run_pipeline
    df_wide, pivot_stat = pivot_to_wide_format(
  File "D:\Documents\Toyota Gazoo Motorsport\data-validation-automation-station\src\transform\pivot.py", line 146, in pivot_to_wide_format
    logger.info(f"    Renaming: {old_name} \u2192 {new_name}")
Message: '    Renaming: VBOX_Lat_Min \u2192 gps_lat'
Arguments: ()
--- Logging error ---
Traceback (most recent call last):
  File "C:\Users\richw\AppData\Local\Programs\Python\Python312\Lib\logging\__init__.py", line 1163, in emit
    stream.write(msg + self.terminator)
  File "C:\Users\richw\AppData\Local\Programs\Python\Python312\Lib\encodings\cp1252.py", line 19, in encode
    return codecs.charmap_encode(input,self.errors,encoding_table)[0]
           ^^^^^^^^^^^^^^^^^^^^^^^^^^^^^^^^^^^^^^^^^^^^^^^^^^^^^^^
UnicodeEncodeError: 'charmap' codec can't encode character '\u2192' in position 87: character maps to <undefined>
Call stack:
  File "D:\Documents\Toyota Gazoo Motorsport\data-validation-automation-station\examples\run_full_pipeline.py", line 477, in <module>
    main()
  File "D:\Documents\Toyota Gazoo Motorsport\data-validation-automation-station\examples\run_full_pipeline.py", line 466, in main
    run_pipeline(
  File "D:\Documents\Toyota Gazoo Motorsport\data-validation-automation-station\examples\run_full_pipeline.py", line 256, in run_pipeline
    df_wide, pivot_stat = pivot_to_wide_format(
  File "D:\Documents\Toyota Gazoo Motorsport\data-validation-automation-station\src\transform\pivot.py", line 146, in pivot_to_wide_format
    logger.info(f"    Renaming: {old_name} \u2192 {new_name}")
Message: '    Renaming: VBOX_Long_Minutes \u2192 gps_lon'
Arguments: ()
--- Logging error ---
Traceback (most recent call last):
  File "C:\Users\richw\AppData\Local\Programs\Python\Python312\Lib\logging\__init__.py", line 1163, in emit
    stream.write(msg + self.terminator)
  File "C:\Users\richw\AppData\Local\Programs\Python\Python312\Lib\encodings\cp1252.py", line 19, in encode
    return codecs.charmap_encode(input,self.errors,encoding_table)[0]
           ^^^^^^^^^^^^^^^^^^^^^^^^^^^^^^^^^^^^^^^^^^^^^^^^^^^^^^^
UnicodeEncodeError: 'charmap' codec can't encode character '\u2192' in position 92: character maps to <undefined>
Call stack:
  File "D:\Documents\Toyota Gazoo Motorsport\data-validation-automation-station\examples\run_full_pipeline.py", line 477, in <module>
    main()
  File "D:\Documents\Toyota Gazoo Motorsport\data-validation-automation-station\examples\run_full_pipeline.py", line 466, in main
    run_pipeline(
  File "D:\Documents\Toyota Gazoo Motorsport\data-validation-automation-station\examples\run_full_pipeline.py", line 256, in run_pipeline
    df_wide, pivot_stat = pivot_to_wide_format(
  File "D:\Documents\Toyota Gazoo Motorsport\data-validation-automation-station\src\transform\pivot.py", line 146, in pivot_to_wide_format
    logger.info(f"    Renaming: {old_name} \u2192 {new_name}")
Message: '    Renaming: Laptrigger_lapdist_dls \u2192 track_distance_m'
Arguments: ()
2025-11-01 19:34:58,261 - src.transform.pivot - INFO - 
  [Step 3] Normalizing signal units...
--- Logging error ---
Traceback (most recent call last):
  File "C:\Users\richw\AppData\Local\Programs\Python\Python312\Lib\logging\__init__.py", line 1163, in emit
    stream.write(msg + self.terminator)
  File "C:\Users\richw\AppData\Local\Programs\Python\Python312\Lib\encodings\cp1252.py", line 19, in encode
    return codecs.charmap_encode(input,self.errors,encoding_table)[0]
           ^^^^^^^^^^^^^^^^^^^^^^^^^^^^^^^^^^^^^^^^^^^^^^^^^^^^^^^
UnicodeEncodeError: 'charmap' codec can't encode character '\u2192' in position 66: character maps to <undefined>
Call stack:
  File "D:\Documents\Toyota Gazoo Motorsport\data-validation-automation-station\examples\run_full_pipeline.py", line 477, in <module>
    main()
  File "D:\Documents\Toyota Gazoo Motorsport\data-validation-automation-station\examples\run_full_pipeline.py", line 466, in main
    run_pipeline(
  File "D:\Documents\Toyota Gazoo Motorsport\data-validation-automation-station\examples\run_full_pipeline.py", line 256, in run_pipeline
    df_wide, pivot_stat = pivot_to_wide_format(
  File "D:\Documents\Toyota Gazoo Motorsport\data-validation-automation-station\src\transform\pivot.py", line 156, in pivot_to_wide_format
    logger.info("    aps: % \u2192 [0, 1]")
Message: '    aps: % \u2192 [0, 1]'
Arguments: ()
2025-11-01 19:34:58,264 - src.transform.pivot - INFO -     speed: already in m/s (mean: 131.2)
2025-11-01 19:34:58,264 - src.transform.pivot - INFO - 
  [Step 4] Computing signal coverage...
2025-11-01 19:34:58,264 - src.transform.pivot - INFO -     Coverage: 12/12 signals (100.0%)
2025-11-01 19:34:58,264 - src.transform.pivot - INFO - ============================================================

2025-11-01 19:34:58,265 - src.validation.baseline_validator - INFO - 
================================================================================
2025-11-01 19:34:58,265 - src.validation.baseline_validator - INFO - BASELINE VALIDATION: PIVOT - Chassis 010
2025-11-01 19:34:58,265 - src.validation.baseline_validator - INFO - ================================================================================
2025-11-01 19:34:58,265 - src.validation.baseline_validator - INFO - 
[Check 1] Sample Counts (±10%)
2025-11-01 19:34:58,267 - src.validation.baseline_validator - INFO - 
[Check 3] Time Coverage (±1%)
2025-11-01 19:34:58,274 - src.validation.baseline_validator - INFO -   PASS: Time span: 45.0 min (baseline: 45.0 min, -0.00%)
2025-11-01 19:34:58,274 - src.validation.baseline_validator - INFO - 
[Check 4] Signal Presence (stage-aware)
2025-11-01 19:34:58,275 - src.validation.baseline_validator - INFO -   PASS: gps_lat: 100.0% (expected ~100.0% at pivot, +0.0pp, threshold ±10.0pp)
2025-11-01 19:34:58,275 - src.validation.baseline_validator - INFO -   PASS: gps_lon: 100.0% (expected ~100.0% at pivot, +0.0pp, threshold ±10.0pp)
2025-11-01 19:34:58,275 - src.validation.baseline_validator - INFO -   PASS: track_distance_m: 20.4% (expected ~20.4% at pivot, -0.0pp, threshold ±10.0pp)
2025-11-01 19:34:58,275 - src.validation.baseline_validator - INFO -   PASS: speed: 20.3% (expected ~20.4% at pivot, -0.0pp, threshold ±10.0pp)
2025-11-01 19:34:58,275 - src.validation.baseline_validator - INFO - 
================================================================================
2025-11-01 19:34:58,275 - src.validation.baseline_validator - INFO - VALIDATION RESULT: PASS
2025-11-01 19:34:58,275 - src.validation.baseline_validator - INFO - ================================================================================
2025-11-01 19:34:58,275 - src.validation.baseline_validator - INFO -   Checks: 18 passed, 0 warnings, 0 failed
2025-11-01 19:34:58,275 - full_pipeline - INFO - 
[STAGE 3: POSITION NORMALIZATION] 010
2025-11-01 19:34:58,275 - full_pipeline - INFO - ============================================================
2025-11-01 19:34:58,275 - src.transform.position - INFO - ============================================================
2025-11-01 19:34:58,275 - src.transform.position - INFO - Position Normalization: 010
2025-11-01 19:34:58,276 - src.transform.position - INFO - ============================================================
2025-11-01 19:34:58,282 - src.transform.position - INFO -   Circuit: Barber Motorsports Park
2025-11-01 19:34:58,283 - src.transform.position - INFO -   GPS Bounds: Lat [33.5, 33.6], Lon [-86.65, -86.55]
2025-11-01 19:34:58,283 - src.transform.position - INFO - 
  [Step 1] GPS columns already present (renamed by pivot stage)...
2025-11-01 19:34:58,283 - src.transform.position - INFO -     GPS coverage: 100.0%
2025-11-01 19:34:58,283 - src.transform.position - INFO -     Lat range: 33.529324 to 33.535892
2025-11-01 19:34:58,283 - src.transform.position - INFO -     Lon range: -86.624329 to -86.614517
2025-11-01 19:34:58,283 - src.transform.position - INFO - 
  [Step 2] Validating GPS bounds...
2025-11-01 19:34:58,285 - src.transform.position - INFO -     All GPS points within bounds
2025-11-01 19:34:58,285 - src.transform.position - INFO - 
  [Step 3] Detecting GPS outliers...
2025-11-01 19:34:58,287 - src.transform.position - INFO -     No outliers detected (jump threshold: 500.0m)
2025-11-01 19:34:58,287 - src.transform.position - INFO - 
  [Step 4] Interpolating sparse GPS data...
2025-11-01 19:34:58,305 - src.transform.position - INFO -     No interpolation needed (full coverage)
2025-11-01 19:34:58,306 - src.transform.position - INFO - 
  [Step 5] Track distance already present (renamed by pivot stage)...
2025-11-01 19:34:58,306 - src.transform.position - INFO -     Track distance coverage: 20.4%
2025-11-01 19:34:58,307 - src.transform.position - INFO -     Range: 1.0m to 3710.0m
2025-11-01 19:34:58,307 - src.transform.position - INFO - 
  [Step 6] Computing position quality score...
2025-11-01 19:34:58,307 - src.transform.position - INFO -     Quality score: 0.46 / 1.00
2025-11-01 19:34:58,307 - src.transform.position - INFO - ============================================================

2025-11-01 19:34:58,307 - full_pipeline - INFO -   Quality score: 0.46
2025-11-01 19:34:58,307 - full_pipeline - INFO -   GPS coverage: 100.0%
2025-11-01 19:34:58,309 - full_pipeline - INFO - 
[STAGE 5: RESAMPLE] 010
2025-11-01 19:34:58,309 - full_pipeline - INFO - ============================================================
2025-11-01 19:34:58,309 - src.transform.resample - INFO - ============================================================
2025-11-01 19:34:58,309 - src.transform.resample - INFO - RESAMPLE (Interpolation + Derived Speed): 010
2025-11-01 19:34:58,309 - src.transform.resample - INFO - ============================================================
2025-11-01 19:34:58,309 - src.transform.resample - INFO -   Input: 60,946 rows
2025-11-01 19:34:58,310 - src.transform.resample - INFO -   Interpolation method: linear
2025-11-01 19:34:58,310 - src.transform.resample - INFO -   Target frequency: 20.0 Hz
2025-11-01 19:34:58,317 - src.transform.resample - INFO -   Time range: 2025-09-06 18:40:00.936000+00:00 to 2025-09-06 19:24:58.884000+00:00
2025-11-01 19:34:58,317 - src.transform.resample - INFO -   Time span: 2697.9 seconds
2025-11-01 19:34:58,321 - src.transform.resample - INFO - 
  [Step 1] Creating uniform time grid...
2025-11-01 19:34:58,321 - src.transform.resample - INFO -     Expected samples at 20.0 Hz: 53,959
2025-11-01 19:34:58,321 - src.transform.resample - INFO - 
  [Step 2] Reindexing to time grid...
2025-11-01 19:34:58,326 - src.transform.resample - INFO - 
  [Step 3] Interpolating continuous signals...
2025-11-01 19:34:58,393 - src.transform.resample - INFO -     Interpolated 684,463 values across all columns
2025-11-01 19:34:58,403 - src.transform.resample - INFO - 
  [Step 4] Computing derived speed...
2025-11-01 19:34:58,404 - src.transform.resample - INFO -     Raw speed coverage: 97.5%
2025-11-01 19:34:58,417 - src.transform.resample - INFO -     Derived speed coverage: 98.8%
2025-11-01 19:34:58,418 - src.transform.resample - INFO -     Final speed coverage (coalesced): 98.8%
2025-11-01 19:34:58,418 - src.transform.resample - INFO - 
  [Step 5] Computing simulation-ready coverage...
2025-11-01 19:34:58,419 - src.transform.resample - INFO -     Rows after resample: 53,959
2025-11-01 19:34:58,419 - src.transform.resample - INFO -     Actual frequency: 20.00 Hz
2025-11-01 19:34:58,419 - src.transform.resample - INFO -     Coverage (position): 100.0%
2025-11-01 19:34:58,419 - src.transform.resample - INFO -     Coverage (velocity): 98.8%
2025-11-01 19:34:58,419 - src.transform.resample - INFO -     Coverage (sim-ready = pos + vel): 98.8%
2025-11-01 19:34:58,419 - src.transform.resample - INFO - ============================================================

2025-11-01 19:34:58,420 - src.validation.baseline_validator - INFO - 
================================================================================
2025-11-01 19:34:58,420 - src.validation.baseline_validator - INFO - BASELINE VALIDATION: RESAMPLE - Chassis 010
2025-11-01 19:34:58,420 - src.validation.baseline_validator - INFO - ================================================================================
2025-11-01 19:34:58,421 - src.validation.baseline_validator - INFO - 
[Check 1] Sample Counts (±10%)
2025-11-01 19:34:58,423 - src.validation.baseline_validator - ERROR -   FAIL: gps_lat: LOST 6,999 samples (-11.5%, threshold: ±10.0%)
2025-11-01 19:34:58,423 - src.validation.baseline_validator - ERROR -   FAIL: gps_lon: LOST 6,999 samples (-11.5%, threshold: ±10.0%)
2025-11-01 19:34:58,423 - src.validation.baseline_validator - WARNING -   WARN: track_distance_m: GAINED 40,917 samples (+329.8%, expected ~0%)
2025-11-01 19:34:58,423 - src.validation.baseline_validator - WARNING -   WARN: speed: GAINED 40,223 samples (+324.4%, expected ~0%)
2025-11-01 19:34:58,423 - src.validation.baseline_validator - WARNING -   WARN: speed_raw: GAINED 40,223 samples (+324.4%, expected ~0%)
2025-11-01 19:34:58,423 - src.validation.baseline_validator - ERROR -   FAIL: Steering_Angle: LOST 6,999 samples (-11.5%, threshold: ±10.0%)
2025-11-01 19:34:58,423 - src.validation.baseline_validator - ERROR -   FAIL: aps: LOST 6,999 samples (-11.5%, threshold: ±10.0%)
2025-11-01 19:34:58,423 - src.validation.baseline_validator - ERROR -   FAIL: gear: LOST 6,987 samples (-11.5%, threshold: ±10.0%)
2025-11-01 19:34:58,423 - src.validation.baseline_validator - ERROR -   FAIL: accx_can: LOST 6,999 samples (-11.5%, threshold: ±10.0%)
2025-11-01 19:34:58,423 - src.validation.baseline_validator - ERROR -   FAIL: accy_can: LOST 6,999 samples (-11.5%, threshold: ±10.0%)
2025-11-01 19:34:58,423 - src.validation.baseline_validator - WARNING -   WARN: nmot: GAINED 40,917 samples (+329.8%, expected ~0%)
2025-11-01 19:34:58,423 - src.validation.baseline_validator - ERROR -   FAIL: pbrake_f: LOST 6,999 samples (-11.5%, threshold: ±10.0%)
2025-11-01 19:34:58,423 - src.validation.baseline_validator - ERROR -   FAIL: pbrake_r: LOST 6,999 samples (-11.5%, threshold: ±10.0%)
2025-11-01 19:34:58,423 - src.validation.baseline_validator - INFO - 
[Check 3] Time Coverage (±1%)
2025-11-01 19:34:58,429 - src.validation.baseline_validator - INFO -   PASS: Time span: 45.0 min (baseline: 45.0 min, -0.00%)
2025-11-01 19:34:58,429 - src.validation.baseline_validator - INFO - 
[Check 4] Signal Presence (stage-aware)
2025-11-01 19:34:58,430 - src.validation.baseline_validator - INFO -   PASS: gps_lat: 100.0% (expected ~100.0% at resample, -0.0pp, threshold ±5.0pp)
2025-11-01 19:34:58,430 - src.validation.baseline_validator - INFO -   PASS: gps_lon: 100.0% (expected ~100.0% at resample, -0.0pp, threshold ±5.0pp)
2025-11-01 19:34:58,430 - src.validation.baseline_validator - INFO -   PASS: track_distance_m: 98.8% (expected ~100.0% at resample, -1.2pp, threshold ±5.0pp)
2025-11-01 19:34:58,430 - src.validation.baseline_validator - INFO -   PASS: speed_final: 98.8% (expected ~100.0% at resample, -1.2pp, threshold ±5.0pp)
2025-11-01 19:34:58,430 - src.validation.baseline_validator - INFO - 
================================================================================
2025-11-01 19:34:58,430 - src.validation.baseline_validator - INFO - VALIDATION RESULT: FAIL
2025-11-01 19:34:58,430 - src.validation.baseline_validator - INFO - ================================================================================
2025-11-01 19:34:58,430 - src.validation.baseline_validator - INFO -   Checks: 5 passed, 4 warnings, 9 failed
2025-11-01 19:34:58,430 - full_pipeline - ERROR - Baseline validation failed: Stage 'resample' failed baseline validation for chassis 010:
  - gps_lat: LOST 6,999 samples (-11.5%, threshold: ±10.0%)
  - gps_lon: LOST 6,999 samples (-11.5%, threshold: ±10.0%)
  - Steering_Angle: LOST 6,999 samples (-11.5%, threshold: ±10.0%)
  - aps: LOST 6,999 samples (-11.5%, threshold: ±10.0%)
  - gear: LOST 6,987 samples (-11.5%, threshold: ±10.0%)
  - accx_can: LOST 6,999 samples (-11.5%, threshold: ±10.0%)
  - accy_can: LOST 6,999 samples (-11.5%, threshold: ±10.0%)
  - pbrake_f: LOST 6,999 samples (-11.5%, threshold: ±10.0%)
  - pbrake_r: LOST 6,999 samples (-11.5%, threshold: ±10.0%)
--- Logging error ---
Traceback (most recent call last):
  File "D:\Documents\Toyota Gazoo Motorsport\data-validation-automation-station\examples\run_full_pipeline.py", line 305, in run_pipeline
    result = validate_against_baseline(
             ^^^^^^^^^^^^^^^^^^^^^^^^^^
  File "D:\Documents\Toyota Gazoo Motorsport\data-validation-automation-station\src\validation\baseline_validator.py", line 464, in validate_against_baseline
    raise PipelineValidationError(
src.validation.baseline_validator.PipelineValidationError: Stage 'resample' failed baseline validation for chassis 010:
  - gps_lat: LOST 6,999 samples (-11.5%, threshold: ±10.0%)
  - gps_lon: LOST 6,999 samples (-11.5%, threshold: ±10.0%)
  - Steering_Angle: LOST 6,999 samples (-11.5%, threshold: ±10.0%)
  - aps: LOST 6,999 samples (-11.5%, threshold: ±10.0%)
  - gear: LOST 6,987 samples (-11.5%, threshold: ±10.0%)
  - accx_can: LOST 6,999 samples (-11.5%, threshold: ±10.0%)
  - accy_can: LOST 6,999 samples (-11.5%, threshold: ±10.0%)
  - pbrake_f: LOST 6,999 samples (-11.5%, threshold: ±10.0%)
  - pbrake_r: LOST 6,999 samples (-11.5%, threshold: ±10.0%)

During handling of the above exception, another exception occurred:

Traceback (most recent call last):
  File "C:\Users\richw\AppData\Local\Programs\Python\Python312\Lib\logging\__init__.py", line 1163, in emit
    stream.write(msg + self.terminator)
  File "C:\Users\richw\AppData\Local\Programs\Python\Python312\Lib\encodings\cp1252.py", line 19, in encode
    return codecs.charmap_encode(input,self.errors,encoding_table)[0]
           ^^^^^^^^^^^^^^^^^^^^^^^^^^^^^^^^^^^^^^^^^^^^^^^^^^^^^^^
UnicodeEncodeError: 'charmap' codec can't encode character '\u274c' in position 50: character maps to <undefined>
Call stack:
  File "D:\Documents\Toyota Gazoo Motorsport\data-validation-automation-station\examples\run_full_pipeline.py", line 477, in <module>
    main()
  File "D:\Documents\Toyota Gazoo Motorsport\data-validation-automation-station\examples\run_full_pipeline.py", line 466, in main
    run_pipeline(
  File "D:\Documents\Toyota Gazoo Motorsport\data-validation-automation-station\examples\run_full_pipeline.py", line 322, in run_pipeline
    logger.error(f"\u274c Failed to process chassis {chassis_id}: {e}")
Message: "\u274c Failed to process chassis 010: Stage 'resample' failed baseline validation for chassis 010:\n  - gps_lat: LOST 6,999 samples (-11.5%, threshold: ±10.0%)\n  - gps_lon: LOST 6,999 samples (-11.5%, threshold: ±10.0%)\n  - Steering_Angle: LOST 6,999 samples (-11.5%, threshold: ±10.0%)\n  - aps: LOST 6,999 samples (-11.5%, threshold: ±10.0%)\n  - gear: LOST 6,987 samples (-11.5%, threshold: ±10.0%)\n  - accx_can: LOST 6,999 samples (-11.5%, threshold: ±10.0%)\n  - accy_can: LOST 6,999 samples (-11.5%, threshold: ±10.0%)\n  - pbrake_f: LOST 6,999 samples (-11.5%, threshold: ±10.0%)\n  - pbrake_r: LOST 6,999 samples (-11.5%, threshold: ±10.0%)"
Arguments: ()
2025-11-01 19:34:58,432 - full_pipeline - ERROR - Traceback (most recent call last):
  File "D:\Documents\Toyota Gazoo Motorsport\data-validation-automation-station\examples\run_full_pipeline.py", line 305, in run_pipeline
    result = validate_against_baseline(
             ^^^^^^^^^^^^^^^^^^^^^^^^^^
  File "D:\Documents\Toyota Gazoo Motorsport\data-validation-automation-station\src\validation\baseline_validator.py", line 464, in validate_against_baseline
    raise PipelineValidationError(
src.validation.baseline_validator.PipelineValidationError: Stage 'resample' failed baseline validation for chassis 010:
  - gps_lat: LOST 6,999 samples (-11.5%, threshold: ±10.0%)
  - gps_lon: LOST 6,999 samples (-11.5%, threshold: ±10.0%)
  - Steering_Angle: LOST 6,999 samples (-11.5%, threshold: ±10.0%)
  - aps: LOST 6,999 samples (-11.5%, threshold: ±10.0%)
  - gear: LOST 6,987 samples (-11.5%, threshold: ±10.0%)
  - accx_can: LOST 6,999 samples (-11.5%, threshold: ±10.0%)
  - accy_can: LOST 6,999 samples (-11.5%, threshold: ±10.0%)
  - pbrake_f: LOST 6,999 samples (-11.5%, threshold: ±10.0%)
  - pbrake_r: LOST 6,999 samples (-11.5%, threshold: ±10.0%)

2025-11-01 19:34:58,432 - full_pipeline - INFO - 
############################################################
2025-11-01 19:34:58,432 - full_pipeline - INFO - # STAGE 6: MULTI-CAR SYNCHRONIZATION
2025-11-01 19:34:58,432 - full_pipeline - INFO - ############################################################

2025-11-01 19:34:58,432 - src.transform.sync - INFO - ============================================================
2025-11-01 19:34:58,432 - src.transform.sync - INFO - MULTI-CAR SYNCHRONIZATION: barber_r1_pipeline
2025-11-01 19:34:58,432 - src.transform.sync - INFO - ============================================================
2025-11-01 19:34:58,432 - src.transform.sync - INFO -   Cars: 1
2025-11-01 19:34:58,432 - src.transform.sync - INFO -   Target frequency: 20.0 Hz
2025-11-01 19:34:58,432 - src.transform.sync - INFO - 
  [Step 1] Determining global time range...
2025-11-01 19:34:58,433 - src.transform.sync - INFO - Determining global time range...
2025-11-01 19:34:58,433 - src.transform.sync - INFO -   010: 2025-09-06 18:40:00.936000+00:00 to 2025-09-06 19:24:58.836000+00:00
2025-11-01 19:34:58,433 - src.transform.sync - INFO - 
  Global time range:
2025-11-01 19:34:58,433 - src.transform.sync - INFO -     Start: 2025-09-06 18:40:00.936000+00:00
2025-11-01 19:34:58,433 - src.transform.sync - INFO -     End: 2025-09-06 19:24:58.836000+00:00
2025-11-01 19:34:58,433 - src.transform.sync - INFO -     Span: 2697.9 seconds
2025-11-01 19:34:58,433 - src.transform.sync - INFO - 
  [Step 2] Creating global time grid...
2025-11-01 19:34:58,433 - src.transform.sync - INFO - Creating global time grid at 20.0 Hz...
2025-11-01 19:34:58,434 - src.transform.sync - INFO -   Created 53,959 time points
2025-11-01 19:34:58,434 - src.transform.sync - INFO - 
  [Step 3] Aligning cars to global grid...
2025-11-01 19:34:58,434 - src.transform.sync - INFO - 
  Processing 010...
2025-11-01 19:34:58,434 - src.transform.sync - INFO -   Aligning 010 to global grid...
2025-11-01 19:34:58,447 - src.transform.sync - INFO -     Coverage: 53,328/53,959 frames (98.8%)
2025-11-01 19:34:58,451 - src.transform.sync - INFO - 
  [Step 4] Concatenating all cars...
2025-11-01 19:34:58,451 - src.transform.sync - INFO -     Total rows: 53,959
2025-11-01 19:34:58,451 - src.transform.sync - INFO -     Total columns: 22
2025-11-01 19:34:58,451 - src.transform.sync - INFO - 
  [Step 5] Computing statistics...
2025-11-01 19:34:58,457 - src.transform.sync - INFO -     Cars per frame: 1.0 (min: 1, max: 1)
2025-11-01 19:34:58,457 - src.transform.sync - INFO -     Coverage: 53,959/53,959 frames (100.0%)
2025-11-01 19:34:58,458 - src.transform.sync - INFO - ============================================================

--- Logging error ---
Traceback (most recent call last):
  File "C:\Users\richw\AppData\Local\Programs\Python\Python312\Lib\logging\__init__.py", line 1163, in emit
    stream.write(msg + self.terminator)
  File "C:\Users\richw\AppData\Local\Programs\Python\Python312\Lib\encodings\cp1252.py", line 19, in encode
    return codecs.charmap_encode(input,self.errors,encoding_table)[0]
           ^^^^^^^^^^^^^^^^^^^^^^^^^^^^^^^^^^^^^^^^^^^^^^^^^^^^^^^
UnicodeEncodeError: 'charmap' codec can't encode character '\u2705' in position 49: character maps to <undefined>
Call stack:
  File "D:\Documents\Toyota Gazoo Motorsport\data-validation-automation-station\examples\run_full_pipeline.py", line 477, in <module>
    main()
  File "D:\Documents\Toyota Gazoo Motorsport\data-validation-automation-station\examples\run_full_pipeline.py", line 466, in main
    run_pipeline(
  File "D:\Documents\Toyota Gazoo Motorsport\data-validation-automation-station\examples\run_full_pipeline.py", line 344, in run_pipeline
    logger.info(f"\u2705 Synchronized {len(dfs_resampled)} cars")
Message: '\u2705 Synchronized 1 cars'
Arguments: ()
2025-11-01 19:34:58,458 - full_pipeline - INFO -    Total frames: 53,959
2025-11-01 19:34:58,458 - full_pipeline - INFO -    Time span: 2697.9 seconds
2025-11-01 19:34:58,458 - src.transform.sync - INFO - Saving synchronized data to data\processed\barber_r1_pipeline\synchronized\multi_car_frames.parquet
2025-11-01 19:34:58,539 - src.transform.sync - INFO -   Saved 53,959 rows, 22 columns
2025-11-01 19:34:58,539 - src.transform.sync - INFO -   File size: 5.98 MB
2025-11-01 19:34:58,539 - src.transform.pivot - INFO - Saving pivot statistics to data\processed
2025-11-01 19:34:58,542 - src.transform.pivot - INFO -   Saved statistics for 1 vehicles
2025-11-01 19:34:58,542 - src.transform.pivot - INFO -   Output: data\processed\barber_r1_pipeline\pivot_stats.parquet
2025-11-01 19:34:58,542 - src.transform.pivot - INFO - 
  Pivot Summary:
2025-11-01 19:34:58,542 - src.transform.pivot - INFO -     Mean coverage: 100.0%
2025-11-01 19:34:58,542 - src.transform.pivot - INFO -     Mean signals: 12.0
2025-11-01 19:34:58,543 - src.transform.pivot - INFO -     Total rows after pivot: 60,946
2025-11-01 19:34:58,543 - src.transform.resample - INFO - Saving resample statistics to data\processed
2025-11-01 19:34:58,545 - src.transform.resample - INFO -   Saved statistics for 1 vehicles
2025-11-01 19:34:58,545 - src.transform.resample - INFO -   Output: data\processed\barber_r1_pipeline\resample_stats.parquet
2025-11-01 19:34:58,545 - src.transform.resample - INFO - 
  Resample Summary:
2025-11-01 19:34:58,545 - src.transform.resample - INFO -     Mean actual Hz: 20.00
2025-11-01 19:34:58,545 - src.transform.resample - INFO -     Mean coverage: 98.8%
2025-11-01 19:34:58,546 - src.transform.resample - INFO -     Total gaps detected: 0
2025-11-01 19:34:58,546 - src.transform.resample - INFO -     Total ffill operations: 0
2025-11-01 19:34:58,546 - src.transform.sync - INFO - Saving sync statistics to data\processed
2025-11-01 19:34:58,549 - src.transform.sync - INFO -   Saved overall stats to: data\processed\barber_r1_pipeline\sync_stats.parquet
2025-11-01 19:34:58,550 - src.transform.sync - INFO -   Saved per-car coverage to: data\processed\barber_r1_pipeline\car_coverage.parquet
2025-11-01 19:34:58,550 - src.transform.sync - INFO - 
  Sync Summary:
2025-11-01 19:34:58,550 - src.transform.sync - INFO -     Total cars: 1
2025-11-01 19:34:58,550 - src.transform.sync - INFO -     Total frames: 53,959
2025-11-01 19:34:58,550 - src.transform.sync - INFO -     Mean cars/frame: 1.0
2025-11-01 19:34:58,550 - src.transform.sync - INFO -     Overall coverage: 100.0%
2025-11-01 19:34:58,550 - src.transform.sync - INFO -     Mean per-car coverage: 98.8%
2025-11-01 19:34:58,550 - full_pipeline - INFO - 
############################################################
2025-11-01 19:34:58,550 - full_pipeline - INFO - # STAGE 7: VALIDATION (SKIPPED)
2025-11-01 19:34:58,550 - full_pipeline - INFO - ############################################################

2025-11-01 19:34:58,550 - full_pipeline - INFO - 
============================================================
2025-11-01 19:34:58,550 - full_pipeline - INFO - PIPELINE COMPLETE!
2025-11-01 19:34:58,551 - full_pipeline - INFO - ============================================================
--- Logging error ---
Traceback (most recent call last):
  File "C:\Users\richw\AppData\Local\Programs\Python\Python312\Lib\logging\__init__.py", line 1163, in emit
    stream.write(msg + self.terminator)
  File "C:\Users\richw\AppData\Local\Programs\Python\Python312\Lib\encodings\cp1252.py", line 19, in encode
    return codecs.charmap_encode(input,self.errors,encoding_table)[0]
           ^^^^^^^^^^^^^^^^^^^^^^^^^^^^^^^^^^^^^^^^^^^^^^^^^^^^^^^
UnicodeEncodeError: 'charmap' codec can't encode character '\u2705' in position 49: character maps to <undefined>
Call stack:
  File "D:\Documents\Toyota Gazoo Motorsport\data-validation-automation-station\examples\run_full_pipeline.py", line 477, in <module>
    main()
  File "D:\Documents\Toyota Gazoo Motorsport\data-validation-automation-station\examples\run_full_pipeline.py", line 466, in main
    run_pipeline(
  File "D:\Documents\Toyota Gazoo Motorsport\data-validation-automation-station\examples\run_full_pipeline.py", line 406, in run_pipeline
    logger.info(f"\u2705 Processed {len(dfs_resampled)} cars")
Message: '\u2705 Processed 1 cars'
Arguments: ()
--- Logging error ---
Traceback (most recent call last):
  File "C:\Users\richw\AppData\Local\Programs\Python\Python312\Lib\logging\__init__.py", line 1163, in emit
    stream.write(msg + self.terminator)
  File "C:\Users\richw\AppData\Local\Programs\Python\Python312\Lib\encodings\cp1252.py", line 19, in encode
    return codecs.charmap_encode(input,self.errors,encoding_table)[0]
           ^^^^^^^^^^^^^^^^^^^^^^^^^^^^^^^^^^^^^^^^^^^^^^^^^^^^^^^
UnicodeEncodeError: 'charmap' codec can't encode character '\u2705' in position 49: character maps to <undefined>
Call stack:
  File "D:\Documents\Toyota Gazoo Motorsport\data-validation-automation-station\examples\run_full_pipeline.py", line 477, in <module>
    main()
  File "D:\Documents\Toyota Gazoo Motorsport\data-validation-automation-station\examples\run_full_pipeline.py", line 466, in main
    run_pipeline(
  File "D:\Documents\Toyota Gazoo Motorsport\data-validation-automation-station\examples\run_full_pipeline.py", line 407, in run_pipeline
    logger.info(f"\u2705 Generated {len(df_sync):,} synchronized frames")
Message: '\u2705 Generated 53,959 synchronized frames'
Arguments: ()
2025-11-01 19:34:58,551 - full_pipeline - INFO - 
Outputs:
2025-11-01 19:34:58,552 - full_pipeline - INFO -   Synchronized data: data\processed\barber_r1_pipeline\synchronized\multi_car_frames.parquet
2025-11-01 19:34:58,552 - full_pipeline - INFO -   Statistics:
2025-11-01 19:34:58,552 - full_pipeline - INFO -     - Pivot: data\processed\barber_r1_pipeline\pivot_stats.parquet
2025-11-01 19:34:58,552 - full_pipeline - INFO -     - Resample: data\processed\barber_r1_pipeline\resample_stats.parquet
2025-11-01 19:34:58,552 - full_pipeline - INFO -     - Sync: data\processed\barber_r1_pipeline\sync_stats.parquet
2025-11-01 19:34:58,552 - full_pipeline - INFO - ============================================================

